<?xml version="1.0" encoding="UTF-8"?>
<coverage generated="1694385585624" clover="3.2.0">
  <project timestamp="1694385585625" name="All files">
    <metrics statements="6" coveredstatements="3" conditionals="2" coveredconditionals="0" methods="3" coveredmethods="2" elements="11" coveredelements="5" complexity="0" loc="6" ncloc="6" packages="1" files="1" classes="1"/>
    <file name="async.js" path="/home/juang666/Learning/belajar-nodejs/unit-test/learning/src/async.js">
      <metrics statements="6" coveredstatements="3" conditionals="2" coveredconditionals="0" methods="3" coveredmethods="2"/>
      <line num="1" count="1" type="stmt"/>
      <line num="2" count="3" type="stmt"/>
      <line num="3" count="3" type="stmt"/>
      <line num="4" count="0" type="cond" truecount="0" falsecount="2"/>
      <line num="5" count="0" type="stmt"/>
      <line num="7" count="0" type="stmt"/>
    </file>
  </project>
</coverage>
